<?xml version="1.0" encoding="UTF-8"?>
<testng-results ignored="0" total="2" passed="2" failed="0" skipped="0">
  <reporter-output>
  </reporter-output>
  <suite started-at="2025-09-02T19:37:52 IST" name="Suite" finished-at="2025-09-02T19:38:51 IST" duration-ms="59296">
    <groups>
    </groups>
    <test started-at="2025-09-02T19:37:52 IST" name="Test" finished-at="2025-09-02T19:38:51 IST" duration-ms="59296">
      <class name="AutomationWeb.ValidateloginPage">
        <test-method signature="LoginPage()[pri:0, instance:AutomationWeb.ValidateloginPage@647fd8ce]" started-at="2025-09-02T19:37:52 IST" name="LoginPage" finished-at="2025-09-02T19:38:19 IST" duration-ms="27260" status="PASS">
          <reporter-output>
          </reporter-output>
        </test-method> <!-- LoginPage -->
      </class> <!-- AutomationWeb.ValidateloginPage -->
      <class name="AutomationWeb.ValidateHomePage">
        <test-method signature="HomePage()[pri:0, instance:AutomationWeb.ValidateHomePage@7c469c48]" started-at="2025-09-02T19:38:19 IST" name="HomePage" finished-at="2025-09-02T19:38:51 IST" duration-ms="31980" status="PASS">
          <reporter-output>
          </reporter-output>
        </test-method> <!-- HomePage -->
      </class> <!-- AutomationWeb.ValidateHomePage -->
    </test> <!-- Test -->
  </suite> <!-- Suite -->
</testng-results>
