<?xml version="1.0" encoding="UTF-8"?>
<testng-results ignored="0" total="2" passed="2" failed="0" skipped="0">
  <reporter-output>
  </reporter-output>
  <suite started-at="2025-09-02T19:21:08 IST" name="Suite" finished-at="2025-09-02T19:21:58 IST" duration-ms="50431">
    <groups>
    </groups>
    <test started-at="2025-09-02T19:21:08 IST" name="Test" finished-at="2025-09-02T19:21:58 IST" duration-ms="50431">
      <class name="AutomationWeb.ValidateloginPage">
        <test-method signature="LoginPage()[pri:0, instance:AutomationWeb.ValidateloginPage@1aafa419]" started-at="2025-09-02T19:21:08 IST" name="LoginPage" finished-at="2025-09-02T19:21:31 IST" duration-ms="23470" status="PASS">
          <reporter-output>
          </reporter-output>
        </test-method> <!-- LoginPage -->
      </class> <!-- AutomationWeb.ValidateloginPage -->
      <class name="AutomationWeb.ValidateHomePage">
        <test-method signature="HomePage()[pri:0, instance:AutomationWeb.ValidateHomePage@76505305]" started-at="2025-09-02T19:21:31 IST" name="HomePage" finished-at="2025-09-02T19:21:58 IST" duration-ms="26871" status="PASS">
          <reporter-output>
          </reporter-output>
        </test-method> <!-- HomePage -->
      </class> <!-- AutomationWeb.ValidateHomePage -->
    </test> <!-- Test -->
  </suite> <!-- Suite -->
</testng-results>
